C:\USERS\M\DESKTOP\AS3\DEBUG\EXAMPLE_01.OBJ
C:\USERS\M\DESKTOP\AS3\DEBUG\VC110.PDB
C:\USERS\M\DESKTOP\AS3\DEBUG\AS1.ILK
C:\USERS\M\DESKTOP\AS3\DEBUG\AS1.EXE
C:\USERS\M\DESKTOP\AS3\DEBUG\AS1.PDB
C:\Users\m\Desktop\as3\Debug\example_01.obj
C:\Users\m\Desktop\as3\Debug\as1.ilk
C:\Users\m\Desktop\as3\Debug\cl.command.1.tlog
C:\Users\m\Desktop\as3\Debug\CL.read.1.tlog
C:\Users\m\Desktop\as3\Debug\CL.write.1.tlog
C:\Users\m\Desktop\as3\Debug\link-cvtres.read.1.tlog
C:\Users\m\Desktop\as3\Debug\link-cvtres.write.1.tlog
C:\Users\m\Desktop\as3\Debug\link-rc.read.1.tlog
C:\Users\m\Desktop\as3\Debug\link-rc.write.1.tlog
C:\Users\m\Desktop\as3\Debug\link.1348-cvtres.read.1.tlog
C:\Users\m\Desktop\as3\Debug\link.1348-cvtres.write.1.tlog
C:\Users\m\Desktop\as3\Debug\link.1348-rc.read.1.tlog
C:\Users\m\Desktop\as3\Debug\link.1348-rc.write.1.tlog
C:\Users\m\Desktop\as3\Debug\link.1348.read.1.tlog
C:\Users\m\Desktop\as3\Debug\link.1348.write.1.tlog
C:\Users\m\Desktop\as3\Debug\link.16320-cvtres.read.1.tlog
C:\Users\m\Desktop\as3\Debug\link.16320-cvtres.write.1.tlog
C:\Users\m\Desktop\as3\Debug\link.16320-rc.read.1.tlog
C:\Users\m\Desktop\as3\Debug\link.16320-rc.write.1.tlog
C:\Users\m\Desktop\as3\Debug\link.16320.read.1.tlog
C:\Users\m\Desktop\as3\Debug\link.16320.write.1.tlog
C:\Users\m\Desktop\as3\Debug\link.16440-cvtres.read.1.tlog
C:\Users\m\Desktop\as3\Debug\link.16440-cvtres.write.1.tlog
C:\Users\m\Desktop\as3\Debug\link.16440-rc.read.1.tlog
C:\Users\m\Desktop\as3\Debug\link.16440-rc.write.1.tlog
C:\Users\m\Desktop\as3\Debug\link.16440.read.1.tlog
C:\Users\m\Desktop\as3\Debug\link.16440.write.1.tlog
C:\Users\m\Desktop\as3\Debug\link.16936-cvtres.read.1.tlog
C:\Users\m\Desktop\as3\Debug\link.16936-cvtres.write.1.tlog
C:\Users\m\Desktop\as3\Debug\link.16936-rc.read.1.tlog
C:\Users\m\Desktop\as3\Debug\link.16936-rc.write.1.tlog
C:\Users\m\Desktop\as3\Debug\link.16936.read.1.tlog
C:\Users\m\Desktop\as3\Debug\link.16936.write.1.tlog
C:\Users\m\Desktop\as3\Debug\link.17440-cvtres.read.1.tlog
C:\Users\m\Desktop\as3\Debug\link.17440-cvtres.write.1.tlog
C:\Users\m\Desktop\as3\Debug\link.17440-rc.read.1.tlog
C:\Users\m\Desktop\as3\Debug\link.17440-rc.write.1.tlog
C:\Users\m\Desktop\as3\Debug\link.17440.read.1.tlog
C:\Users\m\Desktop\as3\Debug\link.17440.write.1.tlog
C:\Users\m\Desktop\as3\Debug\link.17448-cvtres.read.1.tlog
C:\Users\m\Desktop\as3\Debug\link.17448-cvtres.write.1.tlog
C:\Users\m\Desktop\as3\Debug\link.17448-rc.read.1.tlog
C:\Users\m\Desktop\as3\Debug\link.17448-rc.write.1.tlog
C:\Users\m\Desktop\as3\Debug\link.17448.read.1.tlog
C:\Users\m\Desktop\as3\Debug\link.17448.write.1.tlog
C:\Users\m\Desktop\as3\Debug\link.18420-cvtres.read.1.tlog
C:\Users\m\Desktop\as3\Debug\link.18420-cvtres.write.1.tlog
C:\Users\m\Desktop\as3\Debug\link.18420-rc.read.1.tlog
C:\Users\m\Desktop\as3\Debug\link.18420-rc.write.1.tlog
C:\Users\m\Desktop\as3\Debug\link.18420.read.1.tlog
C:\Users\m\Desktop\as3\Debug\link.18420.write.1.tlog
C:\Users\m\Desktop\as3\Debug\link.19924-cvtres.read.1.tlog
C:\Users\m\Desktop\as3\Debug\link.19924-cvtres.write.1.tlog
C:\Users\m\Desktop\as3\Debug\link.19924-rc.read.1.tlog
C:\Users\m\Desktop\as3\Debug\link.19924-rc.write.1.tlog
C:\Users\m\Desktop\as3\Debug\link.19924.read.1.tlog
C:\Users\m\Desktop\as3\Debug\link.19924.write.1.tlog
C:\Users\m\Desktop\as3\Debug\link.20024-cvtres.read.1.tlog
C:\Users\m\Desktop\as3\Debug\link.20024-cvtres.write.1.tlog
C:\Users\m\Desktop\as3\Debug\link.20024-rc.read.1.tlog
C:\Users\m\Desktop\as3\Debug\link.20024-rc.write.1.tlog
C:\Users\m\Desktop\as3\Debug\link.20024.read.1.tlog
C:\Users\m\Desktop\as3\Debug\link.20024.write.1.tlog
C:\Users\m\Desktop\as3\Debug\link.20044-cvtres.read.1.tlog
C:\Users\m\Desktop\as3\Debug\link.20044-cvtres.write.1.tlog
C:\Users\m\Desktop\as3\Debug\link.20044-rc.read.1.tlog
C:\Users\m\Desktop\as3\Debug\link.20044-rc.write.1.tlog
C:\Users\m\Desktop\as3\Debug\link.20044.read.1.tlog
C:\Users\m\Desktop\as3\Debug\link.20044.write.1.tlog
C:\Users\m\Desktop\as3\Debug\link.20508-cvtres.read.1.tlog
C:\Users\m\Desktop\as3\Debug\link.20508-cvtres.write.1.tlog
C:\Users\m\Desktop\as3\Debug\link.20508-rc.read.1.tlog
C:\Users\m\Desktop\as3\Debug\link.20508-rc.write.1.tlog
C:\Users\m\Desktop\as3\Debug\link.20508.read.1.tlog
C:\Users\m\Desktop\as3\Debug\link.20508.write.1.tlog
C:\Users\m\Desktop\as3\Debug\link.20964-cvtres.read.1.tlog
C:\Users\m\Desktop\as3\Debug\link.20964-cvtres.write.1.tlog
C:\Users\m\Desktop\as3\Debug\link.20964-rc.read.1.tlog
C:\Users\m\Desktop\as3\Debug\link.20964-rc.write.1.tlog
C:\Users\m\Desktop\as3\Debug\link.20964.read.1.tlog
C:\Users\m\Desktop\as3\Debug\link.20964.write.1.tlog
C:\Users\m\Desktop\as3\Debug\link.21220-cvtres.read.1.tlog
C:\Users\m\Desktop\as3\Debug\link.21220-cvtres.write.1.tlog
C:\Users\m\Desktop\as3\Debug\link.21220-rc.read.1.tlog
C:\Users\m\Desktop\as3\Debug\link.21220-rc.write.1.tlog
C:\Users\m\Desktop\as3\Debug\link.21220.read.1.tlog
C:\Users\m\Desktop\as3\Debug\link.21220.write.1.tlog
C:\Users\m\Desktop\as3\Debug\link.21516-cvtres.read.1.tlog
C:\Users\m\Desktop\as3\Debug\link.21516-cvtres.write.1.tlog
C:\Users\m\Desktop\as3\Debug\link.21516-rc.read.1.tlog
C:\Users\m\Desktop\as3\Debug\link.21516-rc.write.1.tlog
C:\Users\m\Desktop\as3\Debug\link.21516.read.1.tlog
C:\Users\m\Desktop\as3\Debug\link.21516.write.1.tlog
C:\Users\m\Desktop\as3\Debug\link.21540-cvtres.read.1.tlog
C:\Users\m\Desktop\as3\Debug\link.21540-cvtres.write.1.tlog
C:\Users\m\Desktop\as3\Debug\link.21540-rc.read.1.tlog
C:\Users\m\Desktop\as3\Debug\link.21540-rc.write.1.tlog
C:\Users\m\Desktop\as3\Debug\link.21540.read.1.tlog
C:\Users\m\Desktop\as3\Debug\link.21540.write.1.tlog
C:\Users\m\Desktop\as3\Debug\link.21556-cvtres.read.1.tlog
C:\Users\m\Desktop\as3\Debug\link.21556-cvtres.write.1.tlog
C:\Users\m\Desktop\as3\Debug\link.21556-rc.read.1.tlog
C:\Users\m\Desktop\as3\Debug\link.21556-rc.write.1.tlog
C:\Users\m\Desktop\as3\Debug\link.21556.read.1.tlog
C:\Users\m\Desktop\as3\Debug\link.21556.write.1.tlog
C:\Users\m\Desktop\as3\Debug\link.2220-cvtres.read.1.tlog
C:\Users\m\Desktop\as3\Debug\link.2220-cvtres.write.1.tlog
C:\Users\m\Desktop\as3\Debug\link.2220-rc.read.1.tlog
C:\Users\m\Desktop\as3\Debug\link.2220-rc.write.1.tlog
C:\Users\m\Desktop\as3\Debug\link.2220.read.1.tlog
C:\Users\m\Desktop\as3\Debug\link.2220.write.1.tlog
C:\Users\m\Desktop\as3\Debug\link.22244-cvtres.read.1.tlog
C:\Users\m\Desktop\as3\Debug\link.22244-cvtres.write.1.tlog
C:\Users\m\Desktop\as3\Debug\link.22244-rc.read.1.tlog
C:\Users\m\Desktop\as3\Debug\link.22244-rc.write.1.tlog
C:\Users\m\Desktop\as3\Debug\link.22244.read.1.tlog
C:\Users\m\Desktop\as3\Debug\link.22244.write.1.tlog
C:\Users\m\Desktop\as3\Debug\link.22284-cvtres.read.1.tlog
C:\Users\m\Desktop\as3\Debug\link.22284-cvtres.write.1.tlog
C:\Users\m\Desktop\as3\Debug\link.22284-rc.read.1.tlog
C:\Users\m\Desktop\as3\Debug\link.22284-rc.write.1.tlog
C:\Users\m\Desktop\as3\Debug\link.22284.read.1.tlog
C:\Users\m\Desktop\as3\Debug\link.22284.write.1.tlog
C:\Users\m\Desktop\as3\Debug\link.22900-cvtres.read.1.tlog
C:\Users\m\Desktop\as3\Debug\link.22900-cvtres.write.1.tlog
C:\Users\m\Desktop\as3\Debug\link.22900-rc.read.1.tlog
C:\Users\m\Desktop\as3\Debug\link.22900-rc.write.1.tlog
C:\Users\m\Desktop\as3\Debug\link.22900.read.1.tlog
C:\Users\m\Desktop\as3\Debug\link.22900.write.1.tlog
C:\Users\m\Desktop\as3\Debug\link.22944-cvtres.read.1.tlog
C:\Users\m\Desktop\as3\Debug\link.22944-cvtres.write.1.tlog
C:\Users\m\Desktop\as3\Debug\link.22944-rc.read.1.tlog
C:\Users\m\Desktop\as3\Debug\link.22944-rc.write.1.tlog
C:\Users\m\Desktop\as3\Debug\link.22944.read.1.tlog
C:\Users\m\Desktop\as3\Debug\link.22944.write.1.tlog
C:\Users\m\Desktop\as3\Debug\link.23144-cvtres.read.1.tlog
C:\Users\m\Desktop\as3\Debug\link.23144-cvtres.write.1.tlog
C:\Users\m\Desktop\as3\Debug\link.23144-rc.read.1.tlog
C:\Users\m\Desktop\as3\Debug\link.23144-rc.write.1.tlog
C:\Users\m\Desktop\as3\Debug\link.23144.read.1.tlog
C:\Users\m\Desktop\as3\Debug\link.23144.write.1.tlog
C:\Users\m\Desktop\as3\Debug\link.23448-cvtres.read.1.tlog
C:\Users\m\Desktop\as3\Debug\link.23448-cvtres.write.1.tlog
C:\Users\m\Desktop\as3\Debug\link.23448-rc.read.1.tlog
C:\Users\m\Desktop\as3\Debug\link.23448-rc.write.1.tlog
C:\Users\m\Desktop\as3\Debug\link.23448.read.1.tlog
C:\Users\m\Desktop\as3\Debug\link.23448.write.1.tlog
C:\Users\m\Desktop\as3\Debug\link.23992-cvtres.read.1.tlog
C:\Users\m\Desktop\as3\Debug\link.23992-cvtres.write.1.tlog
C:\Users\m\Desktop\as3\Debug\link.23992-rc.read.1.tlog
C:\Users\m\Desktop\as3\Debug\link.23992-rc.write.1.tlog
C:\Users\m\Desktop\as3\Debug\link.23992.read.1.tlog
C:\Users\m\Desktop\as3\Debug\link.23992.write.1.tlog
C:\Users\m\Desktop\as3\Debug\link.24152-cvtres.read.1.tlog
C:\Users\m\Desktop\as3\Debug\link.24152-cvtres.write.1.tlog
C:\Users\m\Desktop\as3\Debug\link.24152-rc.read.1.tlog
C:\Users\m\Desktop\as3\Debug\link.24152-rc.write.1.tlog
C:\Users\m\Desktop\as3\Debug\link.24152.read.1.tlog
C:\Users\m\Desktop\as3\Debug\link.24152.write.1.tlog
C:\Users\m\Desktop\as3\Debug\link.24164-cvtres.read.1.tlog
C:\Users\m\Desktop\as3\Debug\link.24164-cvtres.write.1.tlog
C:\Users\m\Desktop\as3\Debug\link.24164-rc.read.1.tlog
C:\Users\m\Desktop\as3\Debug\link.24164-rc.write.1.tlog
C:\Users\m\Desktop\as3\Debug\link.24164.read.1.tlog
C:\Users\m\Desktop\as3\Debug\link.24164.write.1.tlog
C:\Users\m\Desktop\as3\Debug\link.24244-cvtres.read.1.tlog
C:\Users\m\Desktop\as3\Debug\link.24244-cvtres.write.1.tlog
C:\Users\m\Desktop\as3\Debug\link.24244-rc.read.1.tlog
C:\Users\m\Desktop\as3\Debug\link.24244-rc.write.1.tlog
C:\Users\m\Desktop\as3\Debug\link.24244.read.1.tlog
C:\Users\m\Desktop\as3\Debug\link.24244.write.1.tlog
C:\Users\m\Desktop\as3\Debug\link.24432-cvtres.read.1.tlog
C:\Users\m\Desktop\as3\Debug\link.24432-cvtres.write.1.tlog
C:\Users\m\Desktop\as3\Debug\link.24432-rc.read.1.tlog
C:\Users\m\Desktop\as3\Debug\link.24432-rc.write.1.tlog
C:\Users\m\Desktop\as3\Debug\link.24432.read.1.tlog
C:\Users\m\Desktop\as3\Debug\link.24432.write.1.tlog
C:\Users\m\Desktop\as3\Debug\link.24532-cvtres.read.1.tlog
C:\Users\m\Desktop\as3\Debug\link.24532-cvtres.write.1.tlog
C:\Users\m\Desktop\as3\Debug\link.24532-rc.read.1.tlog
C:\Users\m\Desktop\as3\Debug\link.24532-rc.write.1.tlog
C:\Users\m\Desktop\as3\Debug\link.24532.read.1.tlog
C:\Users\m\Desktop\as3\Debug\link.24532.write.1.tlog
C:\Users\m\Desktop\as3\Debug\link.24756-cvtres.read.1.tlog
C:\Users\m\Desktop\as3\Debug\link.24756-cvtres.write.1.tlog
C:\Users\m\Desktop\as3\Debug\link.24756-rc.read.1.tlog
C:\Users\m\Desktop\as3\Debug\link.24756-rc.write.1.tlog
C:\Users\m\Desktop\as3\Debug\link.24756.read.1.tlog
C:\Users\m\Desktop\as3\Debug\link.24756.write.1.tlog
C:\Users\m\Desktop\as3\Debug\link.25196-cvtres.read.1.tlog
C:\Users\m\Desktop\as3\Debug\link.25196-cvtres.write.1.tlog
C:\Users\m\Desktop\as3\Debug\link.25196-rc.read.1.tlog
C:\Users\m\Desktop\as3\Debug\link.25196-rc.write.1.tlog
C:\Users\m\Desktop\as3\Debug\link.25196.read.1.tlog
C:\Users\m\Desktop\as3\Debug\link.25196.write.1.tlog
C:\Users\m\Desktop\as3\Debug\link.2936-cvtres.read.1.tlog
C:\Users\m\Desktop\as3\Debug\link.2936-cvtres.write.1.tlog
C:\Users\m\Desktop\as3\Debug\link.2936-rc.read.1.tlog
C:\Users\m\Desktop\as3\Debug\link.2936-rc.write.1.tlog
C:\Users\m\Desktop\as3\Debug\link.2936.read.1.tlog
C:\Users\m\Desktop\as3\Debug\link.2936.write.1.tlog
C:\Users\m\Desktop\as3\Debug\link.4788-cvtres.read.1.tlog
C:\Users\m\Desktop\as3\Debug\link.4788-cvtres.write.1.tlog
C:\Users\m\Desktop\as3\Debug\link.4788-rc.read.1.tlog
C:\Users\m\Desktop\as3\Debug\link.4788-rc.write.1.tlog
C:\Users\m\Desktop\as3\Debug\link.4788.read.1.tlog
C:\Users\m\Desktop\as3\Debug\link.4788.write.1.tlog
C:\Users\m\Desktop\as3\Debug\link.5540-cvtres.read.1.tlog
C:\Users\m\Desktop\as3\Debug\link.5540-cvtres.write.1.tlog
C:\Users\m\Desktop\as3\Debug\link.5540-rc.read.1.tlog
C:\Users\m\Desktop\as3\Debug\link.5540-rc.write.1.tlog
C:\Users\m\Desktop\as3\Debug\link.5540.read.1.tlog
C:\Users\m\Desktop\as3\Debug\link.5540.write.1.tlog
C:\Users\m\Desktop\as3\Debug\link.5736-cvtres.read.1.tlog
C:\Users\m\Desktop\as3\Debug\link.5736-cvtres.write.1.tlog
C:\Users\m\Desktop\as3\Debug\link.5736-rc.read.1.tlog
C:\Users\m\Desktop\as3\Debug\link.5736-rc.write.1.tlog
C:\Users\m\Desktop\as3\Debug\link.5736.read.1.tlog
C:\Users\m\Desktop\as3\Debug\link.5736.write.1.tlog
C:\Users\m\Desktop\as3\Debug\link.5836-cvtres.read.1.tlog
C:\Users\m\Desktop\as3\Debug\link.5836-cvtres.write.1.tlog
C:\Users\m\Desktop\as3\Debug\link.5836-rc.read.1.tlog
C:\Users\m\Desktop\as3\Debug\link.5836-rc.write.1.tlog
C:\Users\m\Desktop\as3\Debug\link.5836.read.1.tlog
C:\Users\m\Desktop\as3\Debug\link.5836.write.1.tlog
C:\Users\m\Desktop\as3\Debug\link.6220-cvtres.read.1.tlog
C:\Users\m\Desktop\as3\Debug\link.6220-cvtres.write.1.tlog
C:\Users\m\Desktop\as3\Debug\link.6220-rc.read.1.tlog
C:\Users\m\Desktop\as3\Debug\link.6220-rc.write.1.tlog
C:\Users\m\Desktop\as3\Debug\link.6220.read.1.tlog
C:\Users\m\Desktop\as3\Debug\link.6220.write.1.tlog
C:\Users\m\Desktop\as3\Debug\link.6296-cvtres.read.1.tlog
C:\Users\m\Desktop\as3\Debug\link.6296-cvtres.write.1.tlog
C:\Users\m\Desktop\as3\Debug\link.6296-rc.read.1.tlog
C:\Users\m\Desktop\as3\Debug\link.6296-rc.write.1.tlog
C:\Users\m\Desktop\as3\Debug\link.6296.read.1.tlog
C:\Users\m\Desktop\as3\Debug\link.6296.write.1.tlog
C:\Users\m\Desktop\as3\Debug\link.6492-cvtres.read.1.tlog
C:\Users\m\Desktop\as3\Debug\link.6492-cvtres.write.1.tlog
C:\Users\m\Desktop\as3\Debug\link.6492-rc.read.1.tlog
C:\Users\m\Desktop\as3\Debug\link.6492-rc.write.1.tlog
C:\Users\m\Desktop\as3\Debug\link.6492.read.1.tlog
C:\Users\m\Desktop\as3\Debug\link.6492.write.1.tlog
C:\Users\m\Desktop\as3\Debug\link.7024-cvtres.read.1.tlog
C:\Users\m\Desktop\as3\Debug\link.7024-cvtres.write.1.tlog
C:\Users\m\Desktop\as3\Debug\link.7024-rc.read.1.tlog
C:\Users\m\Desktop\as3\Debug\link.7024-rc.write.1.tlog
C:\Users\m\Desktop\as3\Debug\link.7024.read.1.tlog
C:\Users\m\Desktop\as3\Debug\link.7024.write.1.tlog
C:\Users\m\Desktop\as3\Debug\link.7104-cvtres.read.1.tlog
C:\Users\m\Desktop\as3\Debug\link.7104-cvtres.write.1.tlog
C:\Users\m\Desktop\as3\Debug\link.7104-rc.read.1.tlog
C:\Users\m\Desktop\as3\Debug\link.7104-rc.write.1.tlog
C:\Users\m\Desktop\as3\Debug\link.7104.read.1.tlog
C:\Users\m\Desktop\as3\Debug\link.7104.write.1.tlog
C:\Users\m\Desktop\as3\Debug\link.7332-cvtres.read.1.tlog
C:\Users\m\Desktop\as3\Debug\link.7332-cvtres.write.1.tlog
C:\Users\m\Desktop\as3\Debug\link.7332-rc.read.1.tlog
C:\Users\m\Desktop\as3\Debug\link.7332-rc.write.1.tlog
C:\Users\m\Desktop\as3\Debug\link.7332.read.1.tlog
C:\Users\m\Desktop\as3\Debug\link.7332.write.1.tlog
C:\Users\m\Desktop\as3\Debug\link.7552-cvtres.read.1.tlog
C:\Users\m\Desktop\as3\Debug\link.7552-cvtres.write.1.tlog
C:\Users\m\Desktop\as3\Debug\link.7552-rc.read.1.tlog
C:\Users\m\Desktop\as3\Debug\link.7552-rc.write.1.tlog
C:\Users\m\Desktop\as3\Debug\link.7552.read.1.tlog
C:\Users\m\Desktop\as3\Debug\link.7552.write.1.tlog
C:\Users\m\Desktop\as3\Debug\link.7644-cvtres.read.1.tlog
C:\Users\m\Desktop\as3\Debug\link.7644-cvtres.write.1.tlog
C:\Users\m\Desktop\as3\Debug\link.7644-rc.read.1.tlog
C:\Users\m\Desktop\as3\Debug\link.7644-rc.write.1.tlog
C:\Users\m\Desktop\as3\Debug\link.7644.read.1.tlog
C:\Users\m\Desktop\as3\Debug\link.7644.write.1.tlog
C:\Users\m\Desktop\as3\Debug\link.7744-cvtres.read.1.tlog
C:\Users\m\Desktop\as3\Debug\link.7744-cvtres.write.1.tlog
C:\Users\m\Desktop\as3\Debug\link.7744-rc.read.1.tlog
C:\Users\m\Desktop\as3\Debug\link.7744-rc.write.1.tlog
C:\Users\m\Desktop\as3\Debug\link.7744.read.1.tlog
C:\Users\m\Desktop\as3\Debug\link.7744.write.1.tlog
C:\Users\m\Desktop\as3\Debug\link.7848-cvtres.read.1.tlog
C:\Users\m\Desktop\as3\Debug\link.7848-cvtres.write.1.tlog
C:\Users\m\Desktop\as3\Debug\link.7848-rc.read.1.tlog
C:\Users\m\Desktop\as3\Debug\link.7848-rc.write.1.tlog
C:\Users\m\Desktop\as3\Debug\link.7848.read.1.tlog
C:\Users\m\Desktop\as3\Debug\link.7848.write.1.tlog
C:\Users\m\Desktop\as3\Debug\link.8148-cvtres.read.1.tlog
C:\Users\m\Desktop\as3\Debug\link.8148-cvtres.write.1.tlog
C:\Users\m\Desktop\as3\Debug\link.8148-rc.read.1.tlog
C:\Users\m\Desktop\as3\Debug\link.8148-rc.write.1.tlog
C:\Users\m\Desktop\as3\Debug\link.8148.read.1.tlog
C:\Users\m\Desktop\as3\Debug\link.8148.write.1.tlog
C:\Users\m\Desktop\as3\Debug\link.960-cvtres.read.1.tlog
C:\Users\m\Desktop\as3\Debug\link.960-cvtres.write.1.tlog
C:\Users\m\Desktop\as3\Debug\link.960-rc.read.1.tlog
C:\Users\m\Desktop\as3\Debug\link.960-rc.write.1.tlog
C:\Users\m\Desktop\as3\Debug\link.960.read.1.tlog
C:\Users\m\Desktop\as3\Debug\link.960.write.1.tlog
C:\Users\m\Desktop\as3\Debug\link.command.1.tlog
C:\Users\m\Desktop\as3\Debug\link.read.1.tlog
C:\Users\m\Desktop\as3\Debug\link.write.1.tlog
C:\Users\m\Desktop\as3\Debug\vc110.idb
C:\Users\m\Desktop\as3\Debug\as1.pdb
C:\Users\m\Desktop\as3\Debug\vc110.pdb
C:\Users\m\Desktop\as3\Debug\as1.exe
